{"C:\\Users\\parke\\OneDrive\\Documents\\revature\\SocialMediaPokemon\\SocialMediaPokemon\\backend\\config.js": {"path":"C:\\Users\\parke\\OneDrive\\Documents\\revature\\SocialMediaPokemon\\SocialMediaPokemon\\backend\\config.js","statementMap":{"0":{"start":{"line":1,"column":0},"end":{"line":1,"column":27}},"1":{"start":{"line":3,"column":19},"end":{"line":3,"column":57}},"2":{"start":{"line":4,"column":13},"end":{"line":4,"column":38}},"3":{"start":{"line":5,"column":27},"end":{"line":5,"column":67}},"4":{"start":{"line":7,"column":0},"end":{"line":7,"column":58}}},"fnMap":{},"branchMap":{"0":{"loc":{"start":{"line":3,"column":19},"end":{"line":3,"column":57}},"type":"binary-expr","locations":[{"start":{"line":3,"column":19},"end":{"line":3,"column":41}},{"start":{"line":3,"column":45},"end":{"line":3,"column":57}}],"line":3},"1":{"loc":{"start":{"line":4,"column":13},"end":{"line":4,"column":38}},"type":"binary-expr","locations":[{"start":{"line":4,"column":13},"end":{"line":4,"column":30}},{"start":{"line":4,"column":34},"end":{"line":4,"column":38}}],"line":4},"2":{"loc":{"start":{"line":5,"column":27},"end":{"line":5,"column":67}},"type":"cond-expr","locations":[{"start":{"line":5,"column":61},"end":{"line":5,"column":62}},{"start":{"line":5,"column":65},"end":{"line":5,"column":67}}],"line":5}},"s":{"0":1,"1":1,"2":1,"3":1,"4":1},"f":{},"b":{"0":[1,1],"1":[1,1],"2":[1,0]},"_coverageSchema":"1a1c01bbd47fc00a2c39e90264f33305004495a9","hash":"1efb71acfc834cec26039c1df9134ce2d9e98023"}
,"C:\\Users\\parke\\OneDrive\\Documents\\revature\\SocialMediaPokemon\\SocialMediaPokemon\\backend\\repository\\userDAO.js": {"path":"C:\\Users\\parke\\OneDrive\\Documents\\revature\\SocialMediaPokemon\\SocialMediaPokemon\\backend\\repository\\userDAO.js","statementMap":{"0":{"start":{"line":1,"column":25},"end":{"line":1,"column":60}},"1":{"start":{"line":2,"column":114},"end":{"line":2,"column":146}},"2":{"start":{"line":3,"column":15},"end":{"line":3,"column":40}},"3":{"start":{"line":4,"column":0},"end":{"line":4,"column":25}},"4":{"start":{"line":6,"column":23},"end":{"line":12,"column":2}},"5":{"start":{"line":13,"column":23},"end":{"line":13,"column":66}},"6":{"start":{"line":14,"column":18},"end":{"line":14,"column":38}},"7":{"start":{"line":16,"column":20},"end":{"line":27,"column":1}},"8":{"start":{"line":17,"column":20},"end":{"line":19,"column":6}},"9":{"start":{"line":20,"column":4},"end":{"line":26,"column":5}},"10":{"start":{"line":21,"column":21},"end":{"line":21,"column":55}},"11":{"start":{"line":22,"column":8},"end":{"line":22,"column":26}},"12":{"start":{"line":24,"column":8},"end":{"line":24,"column":28}},"13":{"start":{"line":25,"column":8},"end":{"line":25,"column":20}},"14":{"start":{"line":28,"column":20},"end":{"line":42,"column":1}},"15":{"start":{"line":29,"column":20},"end":{"line":34,"column":6}},"16":{"start":{"line":35,"column":4},"end":{"line":41,"column":5}},"17":{"start":{"line":36,"column":21},"end":{"line":36,"column":55}},"18":{"start":{"line":37,"column":8},"end":{"line":37,"column":25}},"19":{"start":{"line":39,"column":8},"end":{"line":39,"column":28}},"20":{"start":{"line":40,"column":8},"end":{"line":40,"column":20}},"21":{"start":{"line":43,"column":26},"end":{"line":62,"column":1}},"22":{"start":{"line":44,"column":20},"end":{"line":54,"column":6}},"23":{"start":{"line":55,"column":4},"end":{"line":61,"column":5}},"24":{"start":{"line":56,"column":21},"end":{"line":56,"column":55}},"25":{"start":{"line":57,"column":8},"end":{"line":57,"column":29}},"26":{"start":{"line":59,"column":8},"end":{"line":59,"column":28}},"27":{"start":{"line":60,"column":8},"end":{"line":60,"column":20}},"28":{"start":{"line":63,"column":17},"end":{"line":76,"column":1}},"29":{"start":{"line":64,"column":20},"end":{"line":67,"column":6}},"30":{"start":{"line":68,"column":4},"end":{"line":75,"column":5}},"31":{"start":{"line":69,"column":21},"end":{"line":69,"column":55}},"32":{"start":{"line":70,"column":8},"end":{"line":70,"column":26}},"33":{"start":{"line":71,"column":8},"end":{"line":71,"column":20}},"34":{"start":{"line":73,"column":8},"end":{"line":73,"column":28}},"35":{"start":{"line":74,"column":8},"end":{"line":74,"column":20}},"36":{"start":{"line":77,"column":19},"end":{"line":106,"column":1}},"37":{"start":{"line":78,"column":20},"end":{"line":98,"column":6}},"38":{"start":{"line":99,"column":4},"end":{"line":105,"column":5}},"39":{"start":{"line":100,"column":21},"end":{"line":100,"column":55}},"40":{"start":{"line":101,"column":8},"end":{"line":101,"column":20}},"41":{"start":{"line":103,"column":8},"end":{"line":103,"column":28}},"42":{"start":{"line":104,"column":8},"end":{"line":104,"column":20}},"43":{"start":{"line":107,"column":19},"end":{"line":121,"column":1}},"44":{"start":{"line":108,"column":20},"end":{"line":113,"column":6}},"45":{"start":{"line":114,"column":4},"end":{"line":120,"column":5}},"46":{"start":{"line":115,"column":21},"end":{"line":115,"column":55}},"47":{"start":{"line":116,"column":8},"end":{"line":116,"column":20}},"48":{"start":{"line":118,"column":8},"end":{"line":118,"column":28}},"49":{"start":{"line":119,"column":8},"end":{"line":119,"column":20}},"50":{"start":{"line":123,"column":0},"end":{"line":130,"column":1}}},"fnMap":{"0":{"name":"(anonymous_0)","decl":{"start":{"line":16,"column":20},"end":{"line":16,"column":21}},"loc":{"start":{"line":16,"column":32},"end":{"line":27,"column":1}},"line":16},"1":{"name":"(anonymous_1)","decl":{"start":{"line":28,"column":20},"end":{"line":28,"column":21}},"loc":{"start":{"line":28,"column":37},"end":{"line":42,"column":1}},"line":28},"2":{"name":"(anonymous_2)","decl":{"start":{"line":43,"column":26},"end":{"line":43,"column":27}},"loc":{"start":{"line":43,"column":44},"end":{"line":62,"column":1}},"line":43},"3":{"name":"(anonymous_3)","decl":{"start":{"line":63,"column":17},"end":{"line":63,"column":18}},"loc":{"start":{"line":63,"column":31},"end":{"line":76,"column":1}},"line":63},"4":{"name":"(anonymous_4)","decl":{"start":{"line":77,"column":19},"end":{"line":77,"column":20}},"loc":{"start":{"line":77,"column":47},"end":{"line":106,"column":1}},"line":77},"5":{"name":"(anonymous_5)","decl":{"start":{"line":107,"column":19},"end":{"line":107,"column":20}},"loc":{"start":{"line":107,"column":36},"end":{"line":121,"column":1}},"line":107}},"branchMap":{},"s":{"0":1,"1":1,"2":1,"3":1,"4":1,"5":1,"6":1,"7":1,"8":0,"9":0,"10":0,"11":0,"12":0,"13":0,"14":1,"15":0,"16":0,"17":0,"18":0,"19":0,"20":0,"21":1,"22":0,"23":0,"24":0,"25":0,"26":0,"27":0,"28":1,"29":0,"30":0,"31":0,"32":0,"33":0,"34":0,"35":0,"36":1,"37":0,"38":0,"39":0,"40":0,"41":0,"42":0,"43":1,"44":0,"45":0,"46":0,"47":0,"48":0,"49":0,"50":1},"f":{"0":0,"1":0,"2":0,"3":0,"4":0,"5":0},"b":{},"_coverageSchema":"1a1c01bbd47fc00a2c39e90264f33305004495a9","hash":"bc4d2b409397460d6d9b9c91a31fe102f23641be"}
,"C:\\Users\\parke\\OneDrive\\Documents\\revature\\SocialMediaPokemon\\SocialMediaPokemon\\backend\\service\\userService.js": {"path":"C:\\Users\\parke\\OneDrive\\Documents\\revature\\SocialMediaPokemon\\SocialMediaPokemon\\backend\\service\\userService.js","statementMap":{"0":{"start":{"line":1,"column":16},"end":{"line":1,"column":48}},"1":{"start":{"line":2,"column":13},"end":{"line":2,"column":28}},"2":{"start":{"line":3,"column":12},"end":{"line":3,"column":35}},"3":{"start":{"line":4,"column":15},"end":{"line":4,"column":32}},"4":{"start":{"line":5,"column":15},"end":{"line":5,"column":32}},"5":{"start":{"line":6,"column":31},"end":{"line":6,"column":51}},"6":{"start":{"line":7,"column":19},"end":{"line":7,"column":40}},"7":{"start":{"line":8,"column":27},"end":{"line":8,"column":72}},"8":{"start":{"line":9,"column":24},"end":{"line":9,"column":66}},"9":{"start":{"line":10,"column":22},"end":{"line":10,"column":62}},"10":{"start":{"line":11,"column":24},"end":{"line":11,"column":49}},"11":{"start":{"line":12,"column":0},"end":{"line":12,"column":16}},"12":{"start":{"line":15,"column":20},"end":{"line":19,"column":1}},"13":{"start":{"line":16,"column":18},"end":{"line":16,"column":45}},"14":{"start":{"line":17,"column":4},"end":{"line":17,"column":60}},"15":{"start":{"line":17,"column":15},"end":{"line":17,"column":60}},"16":{"start":{"line":18,"column":4},"end":{"line":18,"column":61}},"17":{"start":{"line":21,"column":16},"end":{"line":26,"column":1}},"18":{"start":{"line":22,"column":4},"end":{"line":22,"column":72}},"19":{"start":{"line":22,"column":17},"end":{"line":22,"column":72}},"20":{"start":{"line":23,"column":17},"end":{"line":23,"column":51}},"21":{"start":{"line":24,"column":4},"end":{"line":24,"column":82}},"22":{"start":{"line":24,"column":14},"end":{"line":24,"column":82}},"23":{"start":{"line":25,"column":4},"end":{"line":25,"column":74}},"24":{"start":{"line":28,"column":26},"end":{"line":33,"column":1}},"25":{"start":{"line":29,"column":4},"end":{"line":29,"column":75}},"26":{"start":{"line":29,"column":18},"end":{"line":29,"column":75}},"27":{"start":{"line":30,"column":17},"end":{"line":30,"column":58}},"28":{"start":{"line":31,"column":4},"end":{"line":31,"column":90}},"29":{"start":{"line":31,"column":14},"end":{"line":31,"column":90}},"30":{"start":{"line":32,"column":4},"end":{"line":32,"column":81}},"31":{"start":{"line":36,"column":19},"end":{"line":41,"column":1}},"32":{"start":{"line":37,"column":4},"end":{"line":37,"column":73}},"33":{"start":{"line":37,"column":17},"end":{"line":37,"column":73}},"34":{"start":{"line":38,"column":17},"end":{"line":38,"column":50}},"35":{"start":{"line":39,"column":4},"end":{"line":39,"column":91}},"36":{"start":{"line":39,"column":14},"end":{"line":39,"column":91}},"37":{"start":{"line":40,"column":4},"end":{"line":40,"column":72}},"38":{"start":{"line":43,"column":21},"end":{"line":69,"column":1}},"39":{"start":{"line":44,"column":22},"end":{"line":44,"column":52}},"40":{"start":{"line":45,"column":4},"end":{"line":45,"column":79}},"41":{"start":{"line":45,"column":28},"end":{"line":45,"column":79}},"42":{"start":{"line":46,"column":22},"end":{"line":46,"column":76}},"43":{"start":{"line":47,"column":4},"end":{"line":47,"column":113}},"44":{"start":{"line":47,"column":18},"end":{"line":47,"column":113}},"45":{"start":{"line":48,"column":20},"end":{"line":48,"column":29}},"46":{"start":{"line":49,"column":18},"end":{"line":49,"column":20}},"47":{"start":{"line":50,"column":24},"end":{"line":50,"column":26}},"48":{"start":{"line":51,"column":21},"end":{"line":51,"column":23}},"49":{"start":{"line":52,"column":22},"end":{"line":52,"column":24}},"50":{"start":{"line":53,"column":25},"end":{"line":53,"column":85}},"51":{"start":{"line":54,"column":20},"end":{"line":65,"column":5}},"52":{"start":{"line":66,"column":17},"end":{"line":66,"column":48}},"53":{"start":{"line":67,"column":4},"end":{"line":67,"column":72}},"54":{"start":{"line":67,"column":14},"end":{"line":67,"column":72}},"55":{"start":{"line":68,"column":4},"end":{"line":68,"column":91}},"56":{"start":{"line":71,"column":25},"end":{"line":78,"column":1}},"57":{"start":{"line":72,"column":22},"end":{"line":72,"column":75}},"58":{"start":{"line":73,"column":4},"end":{"line":76,"column":5}},"59":{"start":{"line":74,"column":21},"end":{"line":74,"column":55}},"60":{"start":{"line":74,"column":47},"end":{"line":74,"column":54}},"61":{"start":{"line":75,"column":8},"end":{"line":75,"column":47}},"62":{"start":{"line":77,"column":4},"end":{"line":77,"column":28}},"63":{"start":{"line":80,"column":18},"end":{"line":88,"column":1}},"64":{"start":{"line":81,"column":22},"end":{"line":81,"column":49}},"65":{"start":{"line":82,"column":4},"end":{"line":82,"column":79}},"66":{"start":{"line":82,"column":28},"end":{"line":82,"column":79}},"67":{"start":{"line":83,"column":22},"end":{"line":83,"column":76}},"68":{"start":{"line":84,"column":4},"end":{"line":84,"column":75}},"69":{"start":{"line":84,"column":19},"end":{"line":84,"column":75}},"70":{"start":{"line":85,"column":4},"end":{"line":85,"column":130}},"71":{"start":{"line":85,"column":75},"end":{"line":85,"column":130}},"72":{"start":{"line":86,"column":18},"end":{"line":86,"column":40}},"73":{"start":{"line":87,"column":4},"end":{"line":87,"column":97}},"74":{"start":{"line":90,"column":22},"end":{"line":97,"column":1}},"75":{"start":{"line":91,"column":22},"end":{"line":91,"column":72}},"76":{"start":{"line":92,"column":4},"end":{"line":95,"column":5}},"77":{"start":{"line":93,"column":21},"end":{"line":93,"column":55}},"78":{"start":{"line":93,"column":47},"end":{"line":93,"column":54}},"79":{"start":{"line":94,"column":8},"end":{"line":94,"column":47}},"80":{"start":{"line":96,"column":4},"end":{"line":96,"column":28}},"81":{"start":{"line":99,"column":15},"end":{"line":108,"column":1}},"82":{"start":{"line":100,"column":22},"end":{"line":100,"column":47}},"83":{"start":{"line":101,"column":4},"end":{"line":101,"column":79}},"84":{"start":{"line":101,"column":28},"end":{"line":101,"column":79}},"85":{"start":{"line":102,"column":22},"end":{"line":102,"column":76}},"86":{"start":{"line":103,"column":4},"end":{"line":103,"column":75}},"87":{"start":{"line":103,"column":19},"end":{"line":103,"column":75}},"88":{"start":{"line":104,"column":4},"end":{"line":104,"column":49}},"89":{"start":{"line":105,"column":17},"end":{"line":105,"column":71}},"90":{"start":{"line":106,"column":4},"end":{"line":106,"column":76}},"91":{"start":{"line":106,"column":14},"end":{"line":106,"column":76}},"92":{"start":{"line":107,"column":4},"end":{"line":107,"column":95}},"93":{"start":{"line":110,"column":20},"end":{"line":117,"column":1}},"94":{"start":{"line":111,"column":22},"end":{"line":111,"column":70}},"95":{"start":{"line":112,"column":4},"end":{"line":115,"column":5}},"96":{"start":{"line":113,"column":21},"end":{"line":113,"column":55}},"97":{"start":{"line":113,"column":47},"end":{"line":113,"column":54}},"98":{"start":{"line":114,"column":8},"end":{"line":114,"column":47}},"99":{"start":{"line":116,"column":4},"end":{"line":116,"column":28}},"100":{"start":{"line":119,"column":0},"end":{"line":127,"column":2}}},"fnMap":{"0":{"name":"(anonymous_0)","decl":{"start":{"line":15,"column":20},"end":{"line":15,"column":21}},"loc":{"start":{"line":15,"column":32},"end":{"line":19,"column":1}},"line":15},"1":{"name":"(anonymous_1)","decl":{"start":{"line":21,"column":16},"end":{"line":21,"column":17}},"loc":{"start":{"line":21,"column":33},"end":{"line":26,"column":1}},"line":21},"2":{"name":"(anonymous_2)","decl":{"start":{"line":28,"column":26},"end":{"line":28,"column":27}},"loc":{"start":{"line":28,"column":44},"end":{"line":33,"column":1}},"line":28},"3":{"name":"(anonymous_3)","decl":{"start":{"line":36,"column":19},"end":{"line":36,"column":20}},"loc":{"start":{"line":36,"column":36},"end":{"line":41,"column":1}},"line":36},"4":{"name":"(anonymous_4)","decl":{"start":{"line":43,"column":21},"end":{"line":43,"column":22}},"loc":{"start":{"line":43,"column":45},"end":{"line":69,"column":1}},"line":43},"5":{"name":"(anonymous_5)","decl":{"start":{"line":71,"column":25},"end":{"line":71,"column":26}},"loc":{"start":{"line":71,"column":41},"end":{"line":78,"column":1}},"line":71},"6":{"name":"(anonymous_6)","decl":{"start":{"line":74,"column":42},"end":{"line":74,"column":43}},"loc":{"start":{"line":74,"column":47},"end":{"line":74,"column":54}},"line":74},"7":{"name":"(anonymous_7)","decl":{"start":{"line":80,"column":18},"end":{"line":80,"column":19}},"loc":{"start":{"line":80,"column":40},"end":{"line":88,"column":1}},"line":80},"8":{"name":"(anonymous_8)","decl":{"start":{"line":90,"column":22},"end":{"line":90,"column":23}},"loc":{"start":{"line":90,"column":38},"end":{"line":97,"column":1}},"line":90},"9":{"name":"(anonymous_9)","decl":{"start":{"line":93,"column":42},"end":{"line":93,"column":43}},"loc":{"start":{"line":93,"column":47},"end":{"line":93,"column":54}},"line":93},"10":{"name":"(anonymous_10)","decl":{"start":{"line":99,"column":15},"end":{"line":99,"column":16}},"loc":{"start":{"line":99,"column":37},"end":{"line":108,"column":1}},"line":99},"11":{"name":"(anonymous_11)","decl":{"start":{"line":110,"column":20},"end":{"line":110,"column":21}},"loc":{"start":{"line":110,"column":36},"end":{"line":117,"column":1}},"line":110},"12":{"name":"(anonymous_12)","decl":{"start":{"line":113,"column":42},"end":{"line":113,"column":43}},"loc":{"start":{"line":113,"column":47},"end":{"line":113,"column":54}},"line":113}},"branchMap":{"0":{"loc":{"start":{"line":17,"column":4},"end":{"line":17,"column":60}},"type":"if","locations":[{"start":{"line":17,"column":4},"end":{"line":17,"column":60}},{"start":{},"end":{}}],"line":17},"1":{"loc":{"start":{"line":22,"column":4},"end":{"line":22,"column":72}},"type":"if","locations":[{"start":{"line":22,"column":4},"end":{"line":22,"column":72}},{"start":{},"end":{}}],"line":22},"2":{"loc":{"start":{"line":24,"column":4},"end":{"line":24,"column":82}},"type":"if","locations":[{"start":{"line":24,"column":4},"end":{"line":24,"column":82}},{"start":{},"end":{}}],"line":24},"3":{"loc":{"start":{"line":29,"column":4},"end":{"line":29,"column":75}},"type":"if","locations":[{"start":{"line":29,"column":4},"end":{"line":29,"column":75}},{"start":{},"end":{}}],"line":29},"4":{"loc":{"start":{"line":31,"column":4},"end":{"line":31,"column":90}},"type":"if","locations":[{"start":{"line":31,"column":4},"end":{"line":31,"column":90}},{"start":{},"end":{}}],"line":31},"5":{"loc":{"start":{"line":37,"column":4},"end":{"line":37,"column":73}},"type":"if","locations":[{"start":{"line":37,"column":4},"end":{"line":37,"column":73}},{"start":{},"end":{}}],"line":37},"6":{"loc":{"start":{"line":39,"column":4},"end":{"line":39,"column":91}},"type":"if","locations":[{"start":{"line":39,"column":4},"end":{"line":39,"column":91}},{"start":{},"end":{}}],"line":39},"7":{"loc":{"start":{"line":45,"column":4},"end":{"line":45,"column":79}},"type":"if","locations":[{"start":{"line":45,"column":4},"end":{"line":45,"column":79}},{"start":{},"end":{}}],"line":45},"8":{"loc":{"start":{"line":47,"column":4},"end":{"line":47,"column":113}},"type":"if","locations":[{"start":{"line":47,"column":4},"end":{"line":47,"column":113}},{"start":{},"end":{}}],"line":47},"9":{"loc":{"start":{"line":60,"column":14},"end":{"line":60,"column":60}},"type":"cond-expr","locations":[{"start":{"line":60,"column":34},"end":{"line":60,"column":51}},{"start":{"line":60,"column":54},"end":{"line":60,"column":60}}],"line":60},"10":{"loc":{"start":{"line":67,"column":4},"end":{"line":67,"column":72}},"type":"if","locations":[{"start":{"line":67,"column":4},"end":{"line":67,"column":72}},{"start":{},"end":{}}],"line":67},"11":{"loc":{"start":{"line":73,"column":4},"end":{"line":76,"column":5}},"type":"if","locations":[{"start":{"line":73,"column":4},"end":{"line":76,"column":5}},{"start":{},"end":{}}],"line":73},"12":{"loc":{"start":{"line":82,"column":4},"end":{"line":82,"column":79}},"type":"if","locations":[{"start":{"line":82,"column":4},"end":{"line":82,"column":79}},{"start":{},"end":{}}],"line":82},"13":{"loc":{"start":{"line":84,"column":4},"end":{"line":84,"column":75}},"type":"if","locations":[{"start":{"line":84,"column":4},"end":{"line":84,"column":75}},{"start":{},"end":{}}],"line":84},"14":{"loc":{"start":{"line":85,"column":4},"end":{"line":85,"column":130}},"type":"if","locations":[{"start":{"line":85,"column":4},"end":{"line":85,"column":130}},{"start":{},"end":{}}],"line":85},"15":{"loc":{"start":{"line":92,"column":4},"end":{"line":95,"column":5}},"type":"if","locations":[{"start":{"line":92,"column":4},"end":{"line":95,"column":5}},{"start":{},"end":{}}],"line":92},"16":{"loc":{"start":{"line":101,"column":4},"end":{"line":101,"column":79}},"type":"if","locations":[{"start":{"line":101,"column":4},"end":{"line":101,"column":79}},{"start":{},"end":{}}],"line":101},"17":{"loc":{"start":{"line":103,"column":4},"end":{"line":103,"column":75}},"type":"if","locations":[{"start":{"line":103,"column":4},"end":{"line":103,"column":75}},{"start":{},"end":{}}],"line":103},"18":{"loc":{"start":{"line":106,"column":4},"end":{"line":106,"column":76}},"type":"if","locations":[{"start":{"line":106,"column":4},"end":{"line":106,"column":76}},{"start":{},"end":{}}],"line":106},"19":{"loc":{"start":{"line":112,"column":4},"end":{"line":115,"column":5}},"type":"if","locations":[{"start":{"line":112,"column":4},"end":{"line":115,"column":5}},{"start":{},"end":{}}],"line":112}},"s":{"0":1,"1":1,"2":1,"3":1,"4":1,"5":1,"6":1,"7":1,"8":1,"9":1,"10":1,"11":1,"12":1,"13":0,"14":0,"15":0,"16":0,"17":1,"18":0,"19":0,"20":0,"21":0,"22":0,"23":0,"24":1,"25":0,"26":0,"27":0,"28":0,"29":0,"30":0,"31":1,"32":0,"33":0,"34":0,"35":0,"36":0,"37":0,"38":1,"39":4,"40":4,"41":2,"42":2,"43":2,"44":1,"45":1,"46":1,"47":1,"48":1,"49":1,"50":1,"51":1,"52":1,"53":1,"54":0,"55":1,"56":1,"57":4,"58":4,"59":2,"60":6,"61":2,"62":2,"63":1,"64":0,"65":0,"66":0,"67":0,"68":0,"69":0,"70":0,"71":0,"72":0,"73":0,"74":1,"75":0,"76":0,"77":0,"78":0,"79":0,"80":0,"81":1,"82":0,"83":0,"84":0,"85":0,"86":0,"87":0,"88":0,"89":0,"90":0,"91":0,"92":0,"93":1,"94":0,"95":0,"96":0,"97":0,"98":0,"99":0,"100":1},"f":{"0":0,"1":0,"2":0,"3":0,"4":4,"5":4,"6":6,"7":0,"8":0,"9":0,"10":0,"11":0,"12":0},"b":{"0":[0,0],"1":[0,0],"2":[0,0],"3":[0,0],"4":[0,0],"5":[0,0],"6":[0,0],"7":[2,2],"8":[1,1],"9":[0,1],"10":[0,1],"11":[2,2],"12":[0,0],"13":[0,0],"14":[0,0],"15":[0,0],"16":[0,0],"17":[0,0],"18":[0,0],"19":[0,0]},"_coverageSchema":"1a1c01bbd47fc00a2c39e90264f33305004495a9","hash":"2c44b5709cdf37d35c7df4b0c94b41280f721bf2"}
,"C:\\Users\\parke\\OneDrive\\Documents\\revature\\SocialMediaPokemon\\SocialMediaPokemon\\backend\\util\\logger.js": {"path":"C:\\Users\\parke\\OneDrive\\Documents\\revature\\SocialMediaPokemon\\SocialMediaPokemon\\backend\\util\\logger.js","statementMap":{"0":{"start":{"line":1,"column":43},"end":{"line":1,"column":61}},"1":{"start":{"line":2,"column":15},"end":{"line":14,"column":2}},"2":{"start":{"line":7,"column":12},"end":{"line":7,"column":58}},"3":{"start":{"line":16,"column":0},"end":{"line":19,"column":3}},"4":{"start":{"line":17,"column":4},"end":{"line":17,"column":47}},"5":{"start":{"line":18,"column":4},"end":{"line":18,"column":20}},"6":{"start":{"line":21,"column":0},"end":{"line":21,"column":24}}},"fnMap":{"0":{"name":"(anonymous_0)","decl":{"start":{"line":6,"column":22},"end":{"line":6,"column":23}},"loc":{"start":{"line":6,"column":55},"end":{"line":8,"column":9}},"line":6},"1":{"name":"(anonymous_1)","decl":{"start":{"line":16,"column":32},"end":{"line":16,"column":33}},"loc":{"start":{"line":16,"column":39},"end":{"line":19,"column":1}},"line":16}},"branchMap":{},"s":{"0":1,"1":1,"2":0,"3":1,"4":0,"5":0,"6":1},"f":{"0":0,"1":0},"b":{},"_coverageSchema":"1a1c01bbd47fc00a2c39e90264f33305004495a9","hash":"99b2d06df5fcf3bc5956ec21fa7e5a1bfe9d6130"}
,"C:\\Users\\parke\\OneDrive\\Documents\\revature\\SocialMediaPokemon\\SocialMediaPokemon\\backend\\util\\tokens.js": {"path":"C:\\Users\\parke\\OneDrive\\Documents\\revature\\SocialMediaPokemon\\SocialMediaPokemon\\backend\\util\\tokens.js","statementMap":{"0":{"start":{"line":1,"column":12},"end":{"line":1,"column":35}},"1":{"start":{"line":2,"column":23},"end":{"line":2,"column":46}},"2":{"start":{"line":5,"column":18},"end":{"line":9,"column":5}},"3":{"start":{"line":11,"column":4},"end":{"line":11,"column":63}},"4":{"start":{"line":14,"column":0},"end":{"line":14,"column":32}}},"fnMap":{"0":{"name":"createToken","decl":{"start":{"line":4,"column":9},"end":{"line":4,"column":20}},"loc":{"start":{"line":4,"column":27},"end":{"line":12,"column":1}},"line":4}},"branchMap":{},"s":{"0":1,"1":1,"2":0,"3":0,"4":1},"f":{"0":0},"b":{},"_coverageSchema":"1a1c01bbd47fc00a2c39e90264f33305004495a9","hash":"3817e055b6339ddb050d9bbf1fce626379fd6b70"}
}
